1610810603.403785 client started (262705): version 3.1c, socket /tmp/tmux-1000/default, protocol 8
1610810603.403808 on Linux 5.10.6-arch1-1 #1 SMP PREEMPT Sat, 09 Jan 2021 18:22:35 +0000; libevent 2.1.12-stable (poll)
1610810603.403821 socket is /tmp/tmux-1000/default
1610810603.403830 trying connect
1610810603.403894 add peer 0x55a9fad30670: 6 ((nil))
1610810603.403955 sending message 100 to peer 0x55a9fad30670 (4 bytes)
1610810603.403960 sending message 101 to peer 0x55a9fad30670 (16 bytes)
1610810603.403962 sending message 102 to peer 0x55a9fad30670 (11 bytes)
1610810603.403965 sending message 108 to peer 0x55a9fad30670 (52 bytes)
1610810603.403967 sending message 104 to peer 0x55a9fad30670 (0 bytes)
1610810603.403970 sending message 107 to peer 0x55a9fad30670 (4 bytes)
1610810603.403972 sending message 105 to peer 0x55a9fad30670 (16 bytes)
1610810603.403975 sending message 105 to peer 0x55a9fad30670 (23 bytes)
1610810603.403977 sending message 105 to peer 0x55a9fad30670 (22 bytes)
1610810603.403979 sending message 105 to peer 0x55a9fad30670 (24 bytes)
1610810603.403981 sending message 105 to peer 0x55a9fad30670 (79 bytes)
1610810603.403984 sending message 105 to peer 0x55a9fad30670 (23 bytes)
1610810603.403993 sending message 105 to peer 0x55a9fad30670 (19 bytes)
1610810603.403996 sending message 105 to peer 0x55a9fad30670 (49 bytes)
1610810603.403998 sending message 105 to peer 0x55a9fad30670 (15 bytes)
1610810603.404001 sending message 105 to peer 0x55a9fad30670 (31 bytes)
1610810603.404003 sending message 105 to peer 0x55a9fad30670 (41 bytes)
1610810603.404005 sending message 105 to peer 0x55a9fad30670 (17 bytes)
1610810603.404007 sending message 105 to peer 0x55a9fad30670 (29 bytes)
1610810603.404009 sending message 105 to peer 0x55a9fad30670 (21 bytes)
1610810603.404012 sending message 105 to peer 0x55a9fad30670 (53 bytes)
1610810603.404014 sending message 105 to peer 0x55a9fad30670 (25 bytes)
1610810603.404017 sending message 105 to peer 0x55a9fad30670 (23 bytes)
1610810603.404019 sending message 105 to peer 0x55a9fad30670 (20 bytes)
1610810603.404021 sending message 105 to peer 0x55a9fad30670 (51 bytes)
1610810603.404023 sending message 105 to peer 0x55a9fad30670 (47 bytes)
1610810603.404026 sending message 105 to peer 0x55a9fad30670 (49 bytes)
1610810603.404028 sending message 105 to peer 0x55a9fad30670 (20 bytes)
1610810603.404030 sending message 105 to peer 0x55a9fad30670 (30 bytes)
1610810603.404032 sending message 105 to peer 0x55a9fad30670 (38 bytes)
1610810603.404035 sending message 105 to peer 0x55a9fad30670 (41 bytes)
1610810603.404037 sending message 105 to peer 0x55a9fad30670 (51 bytes)
1610810603.404039 sending message 105 to peer 0x55a9fad30670 (34 bytes)
1610810603.404041 sending message 105 to peer 0x55a9fad30670 (20 bytes)
1610810603.404044 sending message 105 to peer 0x55a9fad30670 (24 bytes)
1610810603.404046 sending message 105 to peer 0x55a9fad30670 (32 bytes)
1610810603.404048 sending message 105 to peer 0x55a9fad30670 (34 bytes)
1610810603.404050 sending message 105 to peer 0x55a9fad30670 (49 bytes)
1610810603.404053 sending message 105 to peer 0x55a9fad30670 (21 bytes)
1610810603.404055 sending message 105 to peer 0x55a9fad30670 (19 bytes)
1610810603.404057 sending message 105 to peer 0x55a9fad30670 (12 bytes)
1610810603.404059 sending message 105 to peer 0x55a9fad30670 (59 bytes)
1610810603.404062 sending message 105 to peer 0x55a9fad30670 (38 bytes)
1610810603.404064 sending message 105 to peer 0x55a9fad30670 (21 bytes)
1610810603.404066 sending message 105 to peer 0x55a9fad30670 (56 bytes)
1610810603.404068 sending message 105 to peer 0x55a9fad30670 (14 bytes)
1610810603.404070 sending message 105 to peer 0x55a9fad30670 (27 bytes)
1610810603.404073 sending message 105 to peer 0x55a9fad30670 (21 bytes)
1610810603.404075 sending message 105 to peer 0x55a9fad30670 (30 bytes)
1610810603.404077 sending message 105 to peer 0x55a9fad30670 (47 bytes)
1610810603.404079 sending message 105 to peer 0x55a9fad30670 (78 bytes)
1610810603.404082 sending message 105 to peer 0x55a9fad30670 (26 bytes)
1610810603.404089 sending message 105 to peer 0x55a9fad30670 (42 bytes)
1610810603.404092 sending message 105 to peer 0x55a9fad30670 (17 bytes)
1610810603.404094 sending message 105 to peer 0x55a9fad30670 (47 bytes)
1610810603.404096 sending message 105 to peer 0x55a9fad30670 (15 bytes)
1610810603.404098 sending message 105 to peer 0x55a9fad30670 (51 bytes)
1610810603.404100 sending message 105 to peer 0x55a9fad30670 (24 bytes)
1610810603.404103 sending message 105 to peer 0x55a9fad30670 (35 bytes)
1610810603.404105 sending message 105 to peer 0x55a9fad30670 (17 bytes)
1610810603.404107 sending message 105 to peer 0x55a9fad30670 (38 bytes)
1610810603.404109 sending message 105 to peer 0x55a9fad30670 (17 bytes)
1610810603.404112 sending message 105 to peer 0x55a9fad30670 (21 bytes)
1610810603.404114 sending message 105 to peer 0x55a9fad30670 (32 bytes)
1610810603.404116 sending message 105 to peer 0x55a9fad30670 (1537 bytes)
1610810603.404120 sending message 105 to peer 0x55a9fad30670 (47 bytes)
1610810603.404123 sending message 105 to peer 0x55a9fad30670 (56 bytes)
1610810603.404125 sending message 105 to peer 0x55a9fad30670 (46 bytes)
1610810603.404127 sending message 105 to peer 0x55a9fad30670 (17 bytes)
1610810603.404130 sending message 105 to peer 0x55a9fad30670 (35 bytes)
1610810603.404132 sending message 105 to peer 0x55a9fad30670 (94 bytes)
1610810603.404134 sending message 105 to peer 0x55a9fad30670 (59 bytes)
1610810603.404136 sending message 105 to peer 0x55a9fad30670 (49 bytes)
1610810603.404139 sending message 105 to peer 0x55a9fad30670 (35 bytes)
1610810603.404141 sending message 105 to peer 0x55a9fad30670 (45 bytes)
1610810603.404143 sending message 105 to peer 0x55a9fad30670 (11 bytes)
1610810603.404145 sending message 105 to peer 0x55a9fad30670 (38 bytes)
1610810603.404148 sending message 105 to peer 0x55a9fad30670 (64 bytes)
1610810603.404150 sending message 105 to peer 0x55a9fad30670 (46 bytes)
1610810603.404152 sending message 105 to peer 0x55a9fad30670 (34 bytes)
1610810603.404154 sending message 105 to peer 0x55a9fad30670 (50 bytes)
1610810603.404156 sending message 105 to peer 0x55a9fad30670 (35 bytes)
1610810603.404159 sending message 105 to peer 0x55a9fad30670 (17 bytes)
1610810603.404161 sending message 105 to peer 0x55a9fad30670 (30 bytes)
1610810603.404163 sending message 105 to peer 0x55a9fad30670 (44 bytes)
1610810603.404165 sending message 105 to peer 0x55a9fad30670 (58 bytes)
1610810603.404168 sending message 105 to peer 0x55a9fad30670 (38 bytes)
1610810603.404170 sending message 105 to peer 0x55a9fad30670 (38 bytes)
1610810603.404172 sending message 105 to peer 0x55a9fad30670 (38 bytes)
1610810603.404174 sending message 105 to peer 0x55a9fad30670 (37 bytes)
1610810603.404177 sending message 105 to peer 0x55a9fad30670 (23 bytes)
1610810603.404179 sending message 105 to peer 0x55a9fad30670 (28 bytes)
1610810603.404181 sending message 105 to peer 0x55a9fad30670 (21 bytes)
1610810603.404183 sending message 105 to peer 0x55a9fad30670 (30 bytes)
1610810603.404185 sending message 105 to peer 0x55a9fad30670 (24 bytes)
1610810603.404188 sending message 105 to peer 0x55a9fad30670 (21 bytes)
1610810603.404190 sending message 105 to peer 0x55a9fad30670 (24 bytes)
1610810603.404192 sending message 105 to peer 0x55a9fad30670 (34 bytes)
1610810603.404194 sending message 105 to peer 0x55a9fad30670 (25 bytes)
1610810603.404196 sending message 105 to peer 0x55a9fad30670 (11 bytes)
1610810603.404198 sending message 105 to peer 0x55a9fad30670 (25 bytes)
1610810603.404201 sending message 105 to peer 0x55a9fad30670 (17 bytes)
1610810603.404203 sending message 105 to peer 0x55a9fad30670 (28 bytes)
1610810603.404205 sending message 105 to peer 0x55a9fad30670 (14 bytes)
1610810603.404207 sending message 105 to peer 0x55a9fad30670 (23 bytes)
1610810603.404210 sending message 105 to peer 0x55a9fad30670 (61 bytes)
1610810603.404212 sending message 105 to peer 0x55a9fad30670 (20 bytes)
1610810603.404214 sending message 105 to peer 0x55a9fad30670 (21 bytes)
1610810603.404216 sending message 105 to peer 0x55a9fad30670 (8 bytes)
1610810603.404223 sending message 105 to peer 0x55a9fad30670 (14 bytes)
1610810603.404236 sending message 105 to peer 0x55a9fad30670 (27 bytes)
1610810603.404242 sending message 105 to peer 0x55a9fad30670 (26 bytes)
1610810603.404244 sending message 105 to peer 0x55a9fad30670 (25 bytes)
1610810603.404247 sending message 105 to peer 0x55a9fad30670 (74 bytes)
1610810603.404249 sending message 105 to peer 0x55a9fad30670 (18 bytes)
1610810603.404251 sending message 105 to peer 0x55a9fad30670 (18 bytes)
1610810603.404253 sending message 105 to peer 0x55a9fad30670 (24 bytes)
1610810603.404256 sending message 105 to peer 0x55a9fad30670 (27 bytes)
1610810603.404258 sending message 105 to peer 0x55a9fad30670 (19 bytes)
1610810603.404260 sending message 105 to peer 0x55a9fad30670 (58 bytes)
1610810603.404262 sending message 105 to peer 0x55a9fad30670 (78 bytes)
1610810603.404265 sending message 105 to peer 0x55a9fad30670 (54 bytes)
1610810603.404267 sending message 105 to peer 0x55a9fad30670 (21 bytes)
1610810603.404269 sending message 105 to peer 0x55a9fad30670 (40 bytes)
1610810603.404271 sending message 105 to peer 0x55a9fad30670 (31 bytes)
1610810603.404273 sending message 105 to peer 0x55a9fad30670 (9 bytes)
1610810603.404275 sending message 105 to peer 0x55a9fad30670 (30 bytes)
1610810603.404278 sending message 105 to peer 0x55a9fad30670 (35 bytes)
1610810603.404280 sending message 105 to peer 0x55a9fad30670 (20 bytes)
1610810603.404282 sending message 105 to peer 0x55a9fad30670 (55 bytes)
1610810603.404284 sending message 105 to peer 0x55a9fad30670 (18 bytes)
1610810603.404286 sending message 105 to peer 0x55a9fad30670 (8 bytes)
1610810603.404289 sending message 105 to peer 0x55a9fad30670 (39 bytes)
1610810603.404291 sending message 105 to peer 0x55a9fad30670 (23 bytes)
1610810603.404293 sending message 105 to peer 0x55a9fad30670 (120 bytes)
1610810603.404296 sending message 105 to peer 0x55a9fad30670 (53 bytes)
1610810603.404298 sending message 105 to peer 0x55a9fad30670 (22 bytes)
1610810603.404300 sending message 105 to peer 0x55a9fad30670 (27 bytes)
1610810603.404302 sending message 105 to peer 0x55a9fad30670 (16 bytes)
1610810603.404304 sending message 105 to peer 0x55a9fad30670 (342 bytes)
1610810603.404307 sending message 105 to peer 0x55a9fad30670 (61 bytes)
1610810603.404309 sending message 105 to peer 0x55a9fad30670 (53 bytes)
1610810603.404311 sending message 105 to peer 0x55a9fad30670 (55 bytes)
1610810603.404313 sending message 105 to peer 0x55a9fad30670 (42 bytes)
1610810603.404316 sending message 105 to peer 0x55a9fad30670 (39 bytes)
1610810603.404318 sending message 105 to peer 0x55a9fad30670 (19 bytes)
1610810603.404320 sending message 105 to peer 0x55a9fad30670 (39 bytes)
1610810603.404322 sending message 105 to peer 0x55a9fad30670 (32 bytes)
1610810603.404325 sending message 105 to peer 0x55a9fad30670 (54 bytes)
1610810603.404327 sending message 105 to peer 0x55a9fad30670 (13 bytes)
1610810603.404329 sending message 105 to peer 0x55a9fad30670 (55 bytes)
1610810603.404331 sending message 105 to peer 0x55a9fad30670 (15 bytes)
1610810603.404333 sending message 105 to peer 0x55a9fad30670 (20 bytes)
1610810603.404336 sending message 105 to peer 0x55a9fad30670 (70 bytes)
1610810603.404338 sending message 105 to peer 0x55a9fad30670 (27 bytes)
1610810603.404340 sending message 105 to peer 0x55a9fad30670 (19 bytes)
1610810603.404342 sending message 105 to peer 0x55a9fad30670 (44 bytes)
1610810603.404344 sending message 105 to peer 0x55a9fad30670 (20 bytes)
1610810603.404346 sending message 105 to peer 0x55a9fad30670 (43 bytes)
1610810603.404349 sending message 105 to peer 0x55a9fad30670 (45 bytes)
1610810603.404351 sending message 105 to peer 0x55a9fad30670 (23 bytes)
1610810603.404353 sending message 105 to peer 0x55a9fad30670 (46 bytes)
1610810603.404355 sending message 105 to peer 0x55a9fad30670 (35 bytes)
1610810603.404357 sending message 105 to peer 0x55a9fad30670 (30 bytes)
1610810603.404359 sending message 105 to peer 0x55a9fad30670 (23 bytes)
1610810603.404362 sending message 105 to peer 0x55a9fad30670 (327 bytes)
1610810603.404368 sending message 105 to peer 0x55a9fad30670 (16 bytes)
1610810603.404370 sending message 106 to peer 0x55a9fad30670 (0 bytes)
1610810603.404372 sending message 200 to peer 0x55a9fad30670 (4 bytes)
1610810603.404375 client loop enter
1610810603.407608 peer 0x55a9fad30670 message 207
1610810603.407617 sending message 208 to peer 0x55a9fad30670 (0 bytes)
1610810607.063336 peer 0x55a9fad30670 message 203
1610810607.063348 sending message 205 to peer 0x55a9fad30670 (0 bytes)
1610810607.063651 peer 0x55a9fad30670 message 204
1610810607.063658 client loop exit
