1610810588.633109 client started (262121): version 3.1c, socket /tmp/tmux-1000/default, protocol 8
1610810588.633133 on Linux 5.10.6-arch1-1 #1 SMP PREEMPT Sat, 09 Jan 2021 18:22:35 +0000; libevent 2.1.12-stable (poll)
1610810588.633146 socket is /tmp/tmux-1000/default
1610810588.633156 trying connect
1610810588.633222 add peer 0x55ce62f20670: 6 ((nil))
1610810588.633285 sending message 100 to peer 0x55ce62f20670 (4 bytes)
1610810588.633290 sending message 101 to peer 0x55ce62f20670 (16 bytes)
1610810588.633293 sending message 102 to peer 0x55ce62f20670 (11 bytes)
1610810588.633295 sending message 108 to peer 0x55ce62f20670 (52 bytes)
1610810588.633298 sending message 104 to peer 0x55ce62f20670 (0 bytes)
1610810588.633300 sending message 107 to peer 0x55ce62f20670 (4 bytes)
1610810588.633303 sending message 105 to peer 0x55ce62f20670 (16 bytes)
1610810588.633305 sending message 105 to peer 0x55ce62f20670 (23 bytes)
1610810588.633307 sending message 105 to peer 0x55ce62f20670 (22 bytes)
1610810588.633310 sending message 105 to peer 0x55ce62f20670 (24 bytes)
1610810588.633312 sending message 105 to peer 0x55ce62f20670 (79 bytes)
1610810588.633314 sending message 105 to peer 0x55ce62f20670 (23 bytes)
1610810588.633324 sending message 105 to peer 0x55ce62f20670 (19 bytes)
1610810588.633327 sending message 105 to peer 0x55ce62f20670 (49 bytes)
1610810588.633329 sending message 105 to peer 0x55ce62f20670 (15 bytes)
1610810588.633331 sending message 105 to peer 0x55ce62f20670 (31 bytes)
1610810588.633334 sending message 105 to peer 0x55ce62f20670 (41 bytes)
1610810588.633336 sending message 105 to peer 0x55ce62f20670 (17 bytes)
1610810588.633338 sending message 105 to peer 0x55ce62f20670 (29 bytes)
1610810588.633340 sending message 105 to peer 0x55ce62f20670 (21 bytes)
1610810588.633342 sending message 105 to peer 0x55ce62f20670 (53 bytes)
1610810588.633345 sending message 105 to peer 0x55ce62f20670 (25 bytes)
1610810588.633347 sending message 105 to peer 0x55ce62f20670 (23 bytes)
1610810588.633349 sending message 105 to peer 0x55ce62f20670 (20 bytes)
1610810588.633351 sending message 105 to peer 0x55ce62f20670 (51 bytes)
1610810588.633354 sending message 105 to peer 0x55ce62f20670 (47 bytes)
1610810588.633356 sending message 105 to peer 0x55ce62f20670 (49 bytes)
1610810588.633358 sending message 105 to peer 0x55ce62f20670 (20 bytes)
1610810588.633360 sending message 105 to peer 0x55ce62f20670 (30 bytes)
1610810588.633363 sending message 105 to peer 0x55ce62f20670 (38 bytes)
1610810588.633365 sending message 105 to peer 0x55ce62f20670 (41 bytes)
1610810588.633367 sending message 105 to peer 0x55ce62f20670 (51 bytes)
1610810588.633369 sending message 105 to peer 0x55ce62f20670 (34 bytes)
1610810588.633372 sending message 105 to peer 0x55ce62f20670 (20 bytes)
1610810588.633374 sending message 105 to peer 0x55ce62f20670 (24 bytes)
1610810588.633376 sending message 105 to peer 0x55ce62f20670 (32 bytes)
1610810588.633378 sending message 105 to peer 0x55ce62f20670 (34 bytes)
1610810588.633381 sending message 105 to peer 0x55ce62f20670 (49 bytes)
1610810588.633383 sending message 105 to peer 0x55ce62f20670 (21 bytes)
1610810588.633385 sending message 105 to peer 0x55ce62f20670 (19 bytes)
1610810588.633387 sending message 105 to peer 0x55ce62f20670 (12 bytes)
1610810588.633390 sending message 105 to peer 0x55ce62f20670 (59 bytes)
1610810588.633392 sending message 105 to peer 0x55ce62f20670 (38 bytes)
1610810588.633394 sending message 105 to peer 0x55ce62f20670 (21 bytes)
1610810588.633396 sending message 105 to peer 0x55ce62f20670 (56 bytes)
1610810588.633398 sending message 105 to peer 0x55ce62f20670 (14 bytes)
1610810588.633401 sending message 105 to peer 0x55ce62f20670 (27 bytes)
1610810588.633403 sending message 105 to peer 0x55ce62f20670 (21 bytes)
1610810588.633405 sending message 105 to peer 0x55ce62f20670 (30 bytes)
1610810588.633407 sending message 105 to peer 0x55ce62f20670 (47 bytes)
1610810588.633410 sending message 105 to peer 0x55ce62f20670 (78 bytes)
1610810588.633412 sending message 105 to peer 0x55ce62f20670 (26 bytes)
1610810588.633420 sending message 105 to peer 0x55ce62f20670 (42 bytes)
1610810588.633422 sending message 105 to peer 0x55ce62f20670 (17 bytes)
1610810588.633425 sending message 105 to peer 0x55ce62f20670 (47 bytes)
1610810588.633427 sending message 105 to peer 0x55ce62f20670 (15 bytes)
1610810588.633429 sending message 105 to peer 0x55ce62f20670 (51 bytes)
1610810588.633431 sending message 105 to peer 0x55ce62f20670 (24 bytes)
1610810588.633433 sending message 105 to peer 0x55ce62f20670 (35 bytes)
1610810588.633436 sending message 105 to peer 0x55ce62f20670 (17 bytes)
1610810588.633438 sending message 105 to peer 0x55ce62f20670 (38 bytes)
1610810588.633440 sending message 105 to peer 0x55ce62f20670 (17 bytes)
1610810588.633443 sending message 105 to peer 0x55ce62f20670 (21 bytes)
1610810588.633445 sending message 105 to peer 0x55ce62f20670 (32 bytes)
1610810588.633447 sending message 105 to peer 0x55ce62f20670 (1537 bytes)
1610810588.633451 sending message 105 to peer 0x55ce62f20670 (47 bytes)
1610810588.633454 sending message 105 to peer 0x55ce62f20670 (56 bytes)
1610810588.633456 sending message 105 to peer 0x55ce62f20670 (46 bytes)
1610810588.633458 sending message 105 to peer 0x55ce62f20670 (17 bytes)
1610810588.633461 sending message 105 to peer 0x55ce62f20670 (35 bytes)
1610810588.633463 sending message 105 to peer 0x55ce62f20670 (94 bytes)
1610810588.633465 sending message 105 to peer 0x55ce62f20670 (59 bytes)
1610810588.633468 sending message 105 to peer 0x55ce62f20670 (49 bytes)
1610810588.633470 sending message 105 to peer 0x55ce62f20670 (35 bytes)
1610810588.633472 sending message 105 to peer 0x55ce62f20670 (45 bytes)
1610810588.633474 sending message 105 to peer 0x55ce62f20670 (11 bytes)
1610810588.633477 sending message 105 to peer 0x55ce62f20670 (38 bytes)
1610810588.633479 sending message 105 to peer 0x55ce62f20670 (64 bytes)
1610810588.633481 sending message 105 to peer 0x55ce62f20670 (46 bytes)
1610810588.633483 sending message 105 to peer 0x55ce62f20670 (34 bytes)
1610810588.633486 sending message 105 to peer 0x55ce62f20670 (50 bytes)
1610810588.633488 sending message 105 to peer 0x55ce62f20670 (35 bytes)
1610810588.633490 sending message 105 to peer 0x55ce62f20670 (17 bytes)
1610810588.633492 sending message 105 to peer 0x55ce62f20670 (30 bytes)
1610810588.633494 sending message 105 to peer 0x55ce62f20670 (44 bytes)
1610810588.633497 sending message 105 to peer 0x55ce62f20670 (58 bytes)
1610810588.633499 sending message 105 to peer 0x55ce62f20670 (38 bytes)
1610810588.633501 sending message 105 to peer 0x55ce62f20670 (38 bytes)
1610810588.633503 sending message 105 to peer 0x55ce62f20670 (38 bytes)
1610810588.633506 sending message 105 to peer 0x55ce62f20670 (37 bytes)
1610810588.633508 sending message 105 to peer 0x55ce62f20670 (23 bytes)
1610810588.633510 sending message 105 to peer 0x55ce62f20670 (28 bytes)
1610810588.633512 sending message 105 to peer 0x55ce62f20670 (21 bytes)
1610810588.633515 sending message 105 to peer 0x55ce62f20670 (30 bytes)
1610810588.633517 sending message 105 to peer 0x55ce62f20670 (24 bytes)
1610810588.633519 sending message 105 to peer 0x55ce62f20670 (21 bytes)
1610810588.633521 sending message 105 to peer 0x55ce62f20670 (24 bytes)
1610810588.633523 sending message 105 to peer 0x55ce62f20670 (34 bytes)
1610810588.633525 sending message 105 to peer 0x55ce62f20670 (25 bytes)
1610810588.633528 sending message 105 to peer 0x55ce62f20670 (11 bytes)
1610810588.633530 sending message 105 to peer 0x55ce62f20670 (25 bytes)
1610810588.633532 sending message 105 to peer 0x55ce62f20670 (17 bytes)
1610810588.633534 sending message 105 to peer 0x55ce62f20670 (28 bytes)
1610810588.633537 sending message 105 to peer 0x55ce62f20670 (14 bytes)
1610810588.633539 sending message 105 to peer 0x55ce62f20670 (23 bytes)
1610810588.633541 sending message 105 to peer 0x55ce62f20670 (61 bytes)
1610810588.633543 sending message 105 to peer 0x55ce62f20670 (20 bytes)
1610810588.633546 sending message 105 to peer 0x55ce62f20670 (21 bytes)
1610810588.633548 sending message 105 to peer 0x55ce62f20670 (8 bytes)
1610810588.633554 sending message 105 to peer 0x55ce62f20670 (14 bytes)
1610810588.633556 sending message 105 to peer 0x55ce62f20670 (27 bytes)
1610810588.633559 sending message 105 to peer 0x55ce62f20670 (26 bytes)
1610810588.633561 sending message 105 to peer 0x55ce62f20670 (25 bytes)
1610810588.633563 sending message 105 to peer 0x55ce62f20670 (74 bytes)
1610810588.633565 sending message 105 to peer 0x55ce62f20670 (18 bytes)
1610810588.633568 sending message 105 to peer 0x55ce62f20670 (18 bytes)
1610810588.633570 sending message 105 to peer 0x55ce62f20670 (24 bytes)
1610810588.633572 sending message 105 to peer 0x55ce62f20670 (27 bytes)
1610810588.633574 sending message 105 to peer 0x55ce62f20670 (19 bytes)
1610810588.633577 sending message 105 to peer 0x55ce62f20670 (58 bytes)
1610810588.633579 sending message 105 to peer 0x55ce62f20670 (78 bytes)
1610810588.633581 sending message 105 to peer 0x55ce62f20670 (54 bytes)
1610810588.633583 sending message 105 to peer 0x55ce62f20670 (21 bytes)
1610810588.633586 sending message 105 to peer 0x55ce62f20670 (40 bytes)
1610810588.633588 sending message 105 to peer 0x55ce62f20670 (31 bytes)
1610810588.633590 sending message 105 to peer 0x55ce62f20670 (9 bytes)
1610810588.633592 sending message 105 to peer 0x55ce62f20670 (30 bytes)
1610810588.633594 sending message 105 to peer 0x55ce62f20670 (35 bytes)
1610810588.633597 sending message 105 to peer 0x55ce62f20670 (20 bytes)
1610810588.633599 sending message 105 to peer 0x55ce62f20670 (55 bytes)
1610810588.633601 sending message 105 to peer 0x55ce62f20670 (18 bytes)
1610810588.633603 sending message 105 to peer 0x55ce62f20670 (8 bytes)
1610810588.633606 sending message 105 to peer 0x55ce62f20670 (39 bytes)
1610810588.633608 sending message 105 to peer 0x55ce62f20670 (23 bytes)
1610810588.633610 sending message 105 to peer 0x55ce62f20670 (120 bytes)
1610810588.633613 sending message 105 to peer 0x55ce62f20670 (53 bytes)
1610810588.633615 sending message 105 to peer 0x55ce62f20670 (22 bytes)
1610810588.633617 sending message 105 to peer 0x55ce62f20670 (27 bytes)
1610810588.633619 sending message 105 to peer 0x55ce62f20670 (16 bytes)
1610810588.633621 sending message 105 to peer 0x55ce62f20670 (342 bytes)
1610810588.633624 sending message 105 to peer 0x55ce62f20670 (61 bytes)
1610810588.633626 sending message 105 to peer 0x55ce62f20670 (53 bytes)
1610810588.633628 sending message 105 to peer 0x55ce62f20670 (55 bytes)
1610810588.633630 sending message 105 to peer 0x55ce62f20670 (42 bytes)
1610810588.633633 sending message 105 to peer 0x55ce62f20670 (39 bytes)
1610810588.633635 sending message 105 to peer 0x55ce62f20670 (19 bytes)
1610810588.633637 sending message 105 to peer 0x55ce62f20670 (39 bytes)
1610810588.633640 sending message 105 to peer 0x55ce62f20670 (32 bytes)
1610810588.633642 sending message 105 to peer 0x55ce62f20670 (54 bytes)
1610810588.633644 sending message 105 to peer 0x55ce62f20670 (13 bytes)
1610810588.633646 sending message 105 to peer 0x55ce62f20670 (55 bytes)
1610810588.633648 sending message 105 to peer 0x55ce62f20670 (15 bytes)
1610810588.633651 sending message 105 to peer 0x55ce62f20670 (20 bytes)
1610810588.633653 sending message 105 to peer 0x55ce62f20670 (70 bytes)
1610810588.633655 sending message 105 to peer 0x55ce62f20670 (27 bytes)
1610810588.633657 sending message 105 to peer 0x55ce62f20670 (19 bytes)
1610810588.633659 sending message 105 to peer 0x55ce62f20670 (44 bytes)
1610810588.633662 sending message 105 to peer 0x55ce62f20670 (20 bytes)
1610810588.633664 sending message 105 to peer 0x55ce62f20670 (43 bytes)
1610810588.633666 sending message 105 to peer 0x55ce62f20670 (45 bytes)
1610810588.633668 sending message 105 to peer 0x55ce62f20670 (23 bytes)
1610810588.633670 sending message 105 to peer 0x55ce62f20670 (46 bytes)
1610810588.633673 sending message 105 to peer 0x55ce62f20670 (35 bytes)
1610810588.633675 sending message 105 to peer 0x55ce62f20670 (30 bytes)
1610810588.633677 sending message 105 to peer 0x55ce62f20670 (23 bytes)
1610810588.633679 sending message 105 to peer 0x55ce62f20670 (327 bytes)
1610810588.633684 sending message 105 to peer 0x55ce62f20670 (16 bytes)
1610810588.633686 sending message 106 to peer 0x55ce62f20670 (0 bytes)
1610810588.633689 sending message 200 to peer 0x55ce62f20670 (4 bytes)
1610810588.633691 client loop enter
1610810588.636733 peer 0x55ce62f20670 message 207
1610810588.636742 sending message 208 to peer 0x55ce62f20670 (0 bytes)
1610810591.709590 peer 0x55ce62f20670 message 203
1610810591.709603 sending message 205 to peer 0x55ce62f20670 (0 bytes)
1610810591.709819 peer 0x55ce62f20670 message 204
1610810591.709825 client loop exit
